{"numFailedTestSuites":2,"numFailedTests":6,"numPassedTestSuites":3,"numPassedTests":24,"numPendingTestSuites":0,"numPendingTests":0,"numRuntimeErrorTestSuites":0,"numTodoTests":0,"numTotalTestSuites":5,"numTotalTests":30,"openHandles":[],"snapshot":{"added":0,"didUpdate":false,"failure":false,"filesAdded":0,"filesRemoved":0,"filesRemovedList":[],"filesUnmatched":0,"filesUpdated":0,"matched":0,"total":0,"unchecked":0,"uncheckedKeysByFile":[],"unmatched":0,"updated":0},"startTime":1748348734946,"success":false,"testResults":[{"assertionResults":[{"ancestorTitles":["tableReducer"],"failureMessages":[],"fullName":"tableReducer SET_DATA should correctly set originalData and displayData","location":null,"status":"passed","title":"SET_DATA should correctly set originalData and displayData"},{"ancestorTitles":["tableReducer"],"failureMessages":[],"fullName":"tableReducer SORT_DATA should update sortConfig and sort displayData","location":null,"status":"passed","title":"SORT_DATA should update sortConfig and sort displayData"},{"ancestorTitles":["tableReducer"],"failureMessages":[],"fullName":"tableReducer SET_FILTER should update filterCriteria and filter displayData","location":null,"status":"passed","title":"SET_FILTER should update filterCriteria and filter displayData"},{"ancestorTitles":["tableReducer"],"failureMessages":[],"fullName":"tableReducer SET_FILTER should apply multiple filters correctly","location":null,"status":"passed","title":"SET_FILTER should apply multiple filters correctly"},{"ancestorTitles":["tableReducer"],"failureMessages":[],"fullName":"tableReducer SET_SEARCH_TERM should update searchTerm and filter displayData","location":null,"status":"passed","title":"SET_SEARCH_TERM should update searchTerm and filter displayData"},{"ancestorTitles":["tableReducer"],"failureMessages":[],"fullName":"tableReducer SET_PIE_FILTER should update pieChartFilter and filter displayData by type","location":null,"status":"passed","title":"SET_PIE_FILTER should update pieChartFilter and filter displayData by type"},{"ancestorTitles":["tableReducer"],"failureMessages":[],"fullName":"tableReducer CLEAR_FILTERS should reset all filter-related states and displayData","location":null,"status":"passed","title":"CLEAR_FILTERS should reset all filter-related states and displayData"},{"ancestorTitles":["tableReducer","Combined Operations and Order of Operations"],"failureMessages":[],"fullName":"tableReducer Combined Operations and Order of Operations Column Filter -> Global Search -> Pie Filter -> Sort","location":null,"status":"passed","title":"Column Filter -> Global Search -> Pie Filter -> Sort"},{"ancestorTitles":["tableReducer","Combined Operations and Order of Operations"],"failureMessages":[],"fullName":"tableReducer Combined Operations and Order of Operations Interaction of CLEAR_FILTERS with existing sort","location":null,"status":"passed","title":"Interaction of CLEAR_FILTERS with existing sort"}],"endTime":1748348737829,"message":"","name":"/app/dashboard/src/contexts/TableDataContext.test.tsx","startTime":1748348736262,"status":"passed","summary":""},{"assertionResults":[{"ancestorTitles":["useDebounce"],"failureMessages":[],"fullName":"useDebounce should return the initial value immediately","location":null,"status":"passed","title":"should return the initial value immediately"},{"ancestorTitles":["useDebounce"],"failureMessages":[],"fullName":"useDebounce should update to the new value after the specified delay","location":null,"status":"passed","title":"should update to the new value after the specified delay"},{"ancestorTitles":["useDebounce"],"failureMessages":[],"fullName":"useDebounce should handle multiple value changes within the delay period","location":null,"status":"passed","title":"should handle multiple value changes within the delay period"},{"ancestorTitles":["useDebounce"],"failureMessages":[],"fullName":"useDebounce should clear timeout on unmount","location":null,"status":"passed","title":"should clear timeout on unmount"}],"endTime":1748348738506,"message":"","name":"/app/dashboard/src/hooks/useDebounce.test.ts","startTime":1748348737864,"status":"passed","summary":""},{"assertionResults":[{"ancestorTitles":["AssignmentsTable Integration Tests","Rendering"],"failureMessages":[],"fullName":"AssignmentsTable Integration Tests Rendering renders table with initial data from context","location":null,"status":"passed","title":"renders table with initial data from context"},{"ancestorTitles":["AssignmentsTable Integration Tests","Rendering"],"failureMessages":["TestingLibraryElementError: Unable to find an element with the placeholder text of: Search table across all relevant fields...\n\nIgnored nodes: comments, script, style\n\u001b[36m<body>\u001b[39m\n  \u001b[36m<div>\u001b[39m\n    \u001b[36m<p>\u001b[39m\n      \u001b[0mNo assignment data available.\u001b[0m\n    \u001b[36m</p>\u001b[39m\n  \u001b[36m</div>\u001b[39m\n\u001b[36m</body>\u001b[39m\n    at Object.getElementError (/app/dashboard/node_modules/@testing-library/dom/dist/config.js:37:19)\n    at /app/dashboard/node_modules/@testing-library/dom/dist/query-helpers.js:76:38\n    at /app/dashboard/node_modules/@testing-library/dom/dist/query-helpers.js:52:17\n    at getByPlaceholderText (/app/dashboard/node_modules/@testing-library/dom/dist/query-helpers.js:95:19)\n    at Object.<anonymous> (/app/dashboard/src/components/AssignmentsTable.test.tsx:87:21)\n    at Promise.then.completed (/app/dashboard/node_modules/jest-circus/build/utils.js:391:28)\n    at new Promise (<anonymous>)\n    at callAsyncCircusFn (/app/dashboard/node_modules/jest-circus/build/utils.js:316:10)\n    at _callCircusTest (/app/dashboard/node_modules/jest-circus/build/run.js:218:40)\n    at processTicksAndRejections (node:internal/process/task_queues:95:5)\n    at _runTest (/app/dashboard/node_modules/jest-circus/build/run.js:155:3)\n    at _runTestsForDescribeBlock (/app/dashboard/node_modules/jest-circus/build/run.js:66:9)\n    at _runTestsForDescribeBlock (/app/dashboard/node_modules/jest-circus/build/run.js:60:9)\n    at _runTestsForDescribeBlock (/app/dashboard/node_modules/jest-circus/build/run.js:60:9)\n    at run (/app/dashboard/node_modules/jest-circus/build/run.js:25:3)\n    at runAndTransformResultsToJestFormat (/app/dashboard/node_modules/jest-circus/build/legacy-code-todo-rewrite/jestAdapterInit.js:170:21)\n    at jestAdapter (/app/dashboard/node_modules/jest-circus/build/legacy-code-todo-rewrite/jestAdapter.js:82:19)\n    at runTestInternal (/app/dashboard/node_modules/jest-runner/build/runTest.js:389:16)\n    at runTest (/app/dashboard/node_modules/jest-runner/build/runTest.js:475:34)\n    at Object.worker (/app/dashboard/node_modules/jest-runner/build/testWorker.js:133:12)"],"fullName":"AssignmentsTable Integration Tests Rendering renders filter inputs and global search input","location":null,"status":"failed","title":"renders filter inputs and global search input"},{"ancestorTitles":["AssignmentsTable Integration Tests","Rendering"],"failureMessages":[],"fullName":"AssignmentsTable Integration Tests Rendering shows \"No assignment data available.\" when displayData is empty and no filters active","location":null,"status":"passed","title":"shows \"No assignment data available.\" when displayData is empty and no filters active"},{"ancestorTitles":["AssignmentsTable Integration Tests","Rendering"],"failureMessages":[],"fullName":"AssignmentsTable Integration Tests Rendering shows \"No results match your current filters/search.\" when displayData is empty but filters/search might be active","location":null,"status":"passed","title":"shows \"No results match your current filters/search.\" when displayData is empty but filters/search might be active"},{"ancestorTitles":["AssignmentsTable Integration Tests","Interactions Dispatching Actions"],"failureMessages":["Error: expect(jest.fn()).toHaveBeenCalledWith(...expected)\n\nExpected: {\"payload\": {\"direction\": \"descending\", \"key\": \"name\"}, \"type\": \"SORT_DATA\"}\nReceived\n       1\n          Object {\n            \"payload\": Object {\n        -     \"direction\": \"descending\",\n        -     \"key\": \"name\",\n        +     \"filterName\": \"id\",\n        +     \"value\": \"\",\n            },\n        -   \"type\": \"SORT_DATA\",\n        +   \"type\": \"SET_FILTER\",\n          },\n       2\n          Object {\n            \"payload\": Object {\n        -     \"direction\": \"descending\",\n        -     \"key\": \"name\",\n        +     \"filterName\": \"name\",\n        +     \"value\": \"\",\n            },\n        -   \"type\": \"SORT_DATA\",\n        +   \"type\": \"SET_FILTER\",\n          },\n       3\n          Object {\n            \"payload\": Object {\n        -     \"direction\": \"descending\",\n        -     \"key\": \"name\",\n        +     \"filterName\": \"type\",\n        +     \"value\": \"\",\n            },\n        -   \"type\": \"SORT_DATA\",\n        +   \"type\": \"SET_FILTER\",\n          },\n\nNumber of calls: 9\n    at Object.<anonymous> (/app/dashboard/src/components/AssignmentsTable.test.tsx:135:28)\n    at Promise.then.completed (/app/dashboard/node_modules/jest-circus/build/utils.js:391:28)\n    at new Promise (<anonymous>)\n    at callAsyncCircusFn (/app/dashboard/node_modules/jest-circus/build/utils.js:316:10)\n    at _callCircusTest (/app/dashboard/node_modules/jest-circus/build/run.js:218:40)\n    at processTicksAndRejections (node:internal/process/task_queues:95:5)\n    at _runTest (/app/dashboard/node_modules/jest-circus/build/run.js:155:3)\n    at _runTestsForDescribeBlock (/app/dashboard/node_modules/jest-circus/build/run.js:66:9)\n    at _runTestsForDescribeBlock (/app/dashboard/node_modules/jest-circus/build/run.js:60:9)\n    at _runTestsForDescribeBlock (/app/dashboard/node_modules/jest-circus/build/run.js:60:9)\n    at run (/app/dashboard/node_modules/jest-circus/build/run.js:25:3)\n    at runAndTransformResultsToJestFormat (/app/dashboard/node_modules/jest-circus/build/legacy-code-todo-rewrite/jestAdapterInit.js:170:21)\n    at jestAdapter (/app/dashboard/node_modules/jest-circus/build/legacy-code-todo-rewrite/jestAdapter.js:82:19)\n    at runTestInternal (/app/dashboard/node_modules/jest-runner/build/runTest.js:389:16)\n    at runTest (/app/dashboard/node_modules/jest-runner/build/runTest.js:475:34)\n    at Object.worker (/app/dashboard/node_modules/jest-runner/build/testWorker.js:133:12)"],"fullName":"AssignmentsTable Integration Tests Interactions Dispatching Actions clicking header dispatches SORT_DATA action","location":null,"status":"failed","title":"clicking header dispatches SORT_DATA action"},{"ancestorTitles":["AssignmentsTable Integration Tests","Interactions Dispatching Actions"],"failureMessages":["Error: expect(jest.fn()).not.toHaveBeenCalledWith(...expected)\n\nExpected: not ObjectContaining {\"type\": \"SET_FILTER\"}\nReceived\n       1:     {\"payload\": {\"filterName\": \"id\", \"value\": \"\"}, \"type\": \"SET_FILTER\"}\n       2:     {\"payload\": {\"filterName\": \"name\", \"value\": \"\"}, \"type\": \"SET_FILTER\"}\n       3:     {\"payload\": {\"filterName\": \"type\", \"value\": \"\"}, \"type\": \"SET_FILTER\"}\n\nNumber of calls: 7\n    at Object.<anonymous> (/app/dashboard/src/components/AssignmentsTable.test.tsx:149:32)\n    at Promise.then.completed (/app/dashboard/node_modules/jest-circus/build/utils.js:391:28)\n    at new Promise (<anonymous>)\n    at callAsyncCircusFn (/app/dashboard/node_modules/jest-circus/build/utils.js:316:10)\n    at _callCircusTest (/app/dashboard/node_modules/jest-circus/build/run.js:218:40)\n    at processTicksAndRejections (node:internal/process/task_queues:95:5)\n    at _runTest (/app/dashboard/node_modules/jest-circus/build/run.js:155:3)\n    at _runTestsForDescribeBlock (/app/dashboard/node_modules/jest-circus/build/run.js:66:9)\n    at _runTestsForDescribeBlock (/app/dashboard/node_modules/jest-circus/build/run.js:60:9)\n    at _runTestsForDescribeBlock (/app/dashboard/node_modules/jest-circus/build/run.js:60:9)\n    at run (/app/dashboard/node_modules/jest-circus/build/run.js:25:3)\n    at runAndTransformResultsToJestFormat (/app/dashboard/node_modules/jest-circus/build/legacy-code-todo-rewrite/jestAdapterInit.js:170:21)\n    at jestAdapter (/app/dashboard/node_modules/jest-circus/build/legacy-code-todo-rewrite/jestAdapter.js:82:19)\n    at runTestInternal (/app/dashboard/node_modules/jest-runner/build/runTest.js:389:16)\n    at runTest (/app/dashboard/node_modules/jest-runner/build/runTest.js:475:34)\n    at Object.worker (/app/dashboard/node_modules/jest-runner/build/testWorker.js:133:12)"],"fullName":"AssignmentsTable Integration Tests Interactions Dispatching Actions typing in column filter dispatches SET_FILTER after debounce","location":null,"status":"failed","title":"typing in column filter dispatches SET_FILTER after debounce"},{"ancestorTitles":["AssignmentsTable Integration Tests","Interactions Dispatching Actions"],"failureMessages":["Error: expect(jest.fn()).not.toHaveBeenCalledWith(...expected)\n\nExpected: not ObjectContaining {\"type\": \"SET_SEARCH_TERM\"}\nReceived\n       7:     {\"payload\": \"\", \"type\": \"SET_SEARCH_TERM\"}\n\nNumber of calls: 7\n    at Object.<anonymous> (/app/dashboard/src/components/AssignmentsTable.test.tsx:168:32)\n    at Promise.then.completed (/app/dashboard/node_modules/jest-circus/build/utils.js:391:28)\n    at new Promise (<anonymous>)\n    at callAsyncCircusFn (/app/dashboard/node_modules/jest-circus/build/utils.js:316:10)\n    at _callCircusTest (/app/dashboard/node_modules/jest-circus/build/run.js:218:40)\n    at processTicksAndRejections (node:internal/process/task_queues:95:5)\n    at _runTest (/app/dashboard/node_modules/jest-circus/build/run.js:155:3)\n    at _runTestsForDescribeBlock (/app/dashboard/node_modules/jest-circus/build/run.js:66:9)\n    at _runTestsForDescribeBlock (/app/dashboard/node_modules/jest-circus/build/run.js:60:9)\n    at _runTestsForDescribeBlock (/app/dashboard/node_modules/jest-circus/build/run.js:60:9)\n    at run (/app/dashboard/node_modules/jest-circus/build/run.js:25:3)\n    at runAndTransformResultsToJestFormat (/app/dashboard/node_modules/jest-circus/build/legacy-code-todo-rewrite/jestAdapterInit.js:170:21)\n    at jestAdapter (/app/dashboard/node_modules/jest-circus/build/legacy-code-todo-rewrite/jestAdapter.js:82:19)\n    at runTestInternal (/app/dashboard/node_modules/jest-runner/build/runTest.js:389:16)\n    at runTest (/app/dashboard/node_modules/jest-runner/build/runTest.js:475:34)\n    at Object.worker (/app/dashboard/node_modules/jest-runner/build/testWorker.js:133:12)"],"fullName":"AssignmentsTable Integration Tests Interactions Dispatching Actions typing in global search dispatches SET_SEARCH_TERM after debounce","location":null,"status":"failed","title":"typing in global search dispatches SET_SEARCH_TERM after debounce"},{"ancestorTitles":["AssignmentsTable Integration Tests","Displaying Data (Full Integration with Reducer)"],"failureMessages":[],"fullName":"AssignmentsTable Integration Tests Displaying Data (Full Integration with Reducer) table updates display when data is sorted via context","location":null,"status":"passed","title":"table updates display when data is sorted via context"},{"ancestorTitles":["AssignmentsTable Integration Tests","Displaying Data (Full Integration with Reducer)"],"failureMessages":[],"fullName":"AssignmentsTable Integration Tests Displaying Data (Full Integration with Reducer) table updates display when data is filtered via context (column filter)","location":null,"status":"passed","title":"table updates display when data is filtered via context (column filter)"},{"ancestorTitles":["AssignmentsTable Integration Tests","Displaying Data (Full Integration with Reducer)"],"failureMessages":[],"fullName":"AssignmentsTable Integration Tests Displaying Data (Full Integration with Reducer) table updates display when data is filtered via context (global search)","location":null,"status":"passed","title":"table updates display when data is filtered via context (global search)"}],"endTime":1748348738786,"message":"  ● AssignmentsTable Integration Tests › Rendering › renders filter inputs and global search input\n\n    TestingLibraryElementError: Unable to find an element with the placeholder text of: Search table across all relevant fields...\n\n    Ignored nodes: comments, script, style\n    \u001b[36m<body>\u001b[39m\n      \u001b[36m<div>\u001b[39m\n        \u001b[36m<p>\u001b[39m\n          \u001b[0mNo assignment data available.\u001b[0m\n        \u001b[36m</p>\u001b[39m\n      \u001b[36m</div>\u001b[39m\n    \u001b[36m</body>\u001b[39m\n\n      85 |     test('renders filter inputs and global search input', () => {\n      86 |       renderWithProviders(<AssignmentsTable />, { preloadedState: { displayData: mockInitialAssignments } });\n    > 87 |       expect(screen.getByPlaceholderText('Search table across all relevant fields...')).toBeInTheDocument();\n         |                     ^\n      88 |       expect(screen.getByPlaceholderText('Filter ID')).toBeInTheDocument();\n      89 |       expect(screen.getByPlaceholderText('Filter Name')).toBeInTheDocument();\n      90 |       // ... add checks for other filter inputs if necessary\n\n      at Object.getElementError (node_modules/@testing-library/dom/dist/config.js:37:19)\n      at node_modules/@testing-library/dom/dist/query-helpers.js:76:38\n      at node_modules/@testing-library/dom/dist/query-helpers.js:52:17\n      at getByPlaceholderText (node_modules/@testing-library/dom/dist/query-helpers.js:95:19)\n      at Object.<anonymous> (src/components/AssignmentsTable.test.tsx:87:21)\n\n  ● AssignmentsTable Integration Tests › Interactions Dispatching Actions › clicking header dispatches SORT_DATA action\n\n    expect(jest.fn()).toHaveBeenCalledWith(...expected)\n\n    Expected: {\"payload\": {\"direction\": \"descending\", \"key\": \"name\"}, \"type\": \"SORT_DATA\"}\n    Received\n           1\n              Object {\n                \"payload\": Object {\n            -     \"direction\": \"descending\",\n            -     \"key\": \"name\",\n            +     \"filterName\": \"id\",\n            +     \"value\": \"\",\n                },\n            -   \"type\": \"SORT_DATA\",\n            +   \"type\": \"SET_FILTER\",\n              },\n           2\n              Object {\n                \"payload\": Object {\n            -     \"direction\": \"descending\",\n            -     \"key\": \"name\",\n            +     \"filterName\": \"name\",\n            +     \"value\": \"\",\n                },\n            -   \"type\": \"SORT_DATA\",\n            +   \"type\": \"SET_FILTER\",\n              },\n           3\n              Object {\n                \"payload\": Object {\n            -     \"direction\": \"descending\",\n            -     \"key\": \"name\",\n            +     \"filterName\": \"type\",\n            +     \"value\": \"\",\n                },\n            -   \"type\": \"SORT_DATA\",\n            +   \"type\": \"SET_FILTER\",\n              },\n\n    Number of calls: 9\n\n      133 |\n      134 |       fireEvent.click(nameHeader); // Click again\n    > 135 |       expect(mockDispatch).toHaveBeenCalledWith({\n          |                            ^\n      136 |         type: 'SORT_DATA',\n      137 |         payload: { key: 'name', direction: 'descending' },\n      138 |       });\n\n      at Object.<anonymous> (src/components/AssignmentsTable.test.tsx:135:28)\n\n  ● AssignmentsTable Integration Tests › Interactions Dispatching Actions › typing in column filter dispatches SET_FILTER after debounce\n\n    expect(jest.fn()).not.toHaveBeenCalledWith(...expected)\n\n    Expected: not ObjectContaining {\"type\": \"SET_FILTER\"}\n    Received\n           1:     {\"payload\": {\"filterName\": \"id\", \"value\": \"\"}, \"type\": \"SET_FILTER\"}\n           2:     {\"payload\": {\"filterName\": \"name\", \"value\": \"\"}, \"type\": \"SET_FILTER\"}\n           3:     {\"payload\": {\"filterName\": \"type\", \"value\": \"\"}, \"type\": \"SET_FILTER\"}\n\n    Number of calls: 7\n\n      147 |\n      148 |       // Value hasn't been dispatched yet (due to debounce)\n    > 149 |       expect(mockDispatch).not.toHaveBeenCalledWith(expect.objectContaining({ type: 'SET_FILTER' }));\n          |                                ^\n      150 |       \n      151 |       act(() => {\n      152 |         jest.advanceTimersByTime(300); // Debounce delay used in AssignmentsTable\n\n      at Object.<anonymous> (src/components/AssignmentsTable.test.tsx:149:32)\n\n  ● AssignmentsTable Integration Tests › Interactions Dispatching Actions › typing in global search dispatches SET_SEARCH_TERM after debounce\n\n    expect(jest.fn()).not.toHaveBeenCalledWith(...expected)\n\n    Expected: not ObjectContaining {\"type\": \"SET_SEARCH_TERM\"}\n    Received\n           7:     {\"payload\": \"\", \"type\": \"SET_SEARCH_TERM\"}\n\n    Number of calls: 7\n\n      166 |       fireEvent.change(globalSearchInput, { target: { value: 'Policy' } });\n      167 |       \n    > 168 |       expect(mockDispatch).not.toHaveBeenCalledWith(expect.objectContaining({ type: 'SET_SEARCH_TERM' }));\n          |                                ^\n      169 |\n      170 |       act(() => {\n      171 |         jest.advanceTimersByTime(300); // Debounce delay\n\n      at Object.<anonymous> (src/components/AssignmentsTable.test.tsx:168:32)\n","name":"/app/dashboard/src/components/AssignmentsTable.test.tsx","startTime":1748348736217,"status":"failed","summary":""},{"assertionResults":[{"ancestorTitles":[],"failureMessages":[],"fullName":"renders dashboard title","location":null,"status":"passed","title":"renders dashboard title"}],"endTime":1748348739221,"message":"","name":"/app/dashboard/src/App.test.tsx","startTime":1748348738527,"status":"passed","summary":""},{"assertionResults":[{"ancestorTitles":["AssignmentsPie Integration Tests","Rendering"],"failureMessages":[],"fullName":"AssignmentsPie Integration Tests Rendering renders the component title","location":null,"status":"passed","title":"renders the component title"},{"ancestorTitles":["AssignmentsPie Integration Tests","Rendering"],"failureMessages":[],"fullName":"AssignmentsPie Integration Tests Rendering renders \"no data available\" message when originalData is empty","location":null,"status":"passed","title":"renders \"no data available\" message when originalData is empty"},{"ancestorTitles":["AssignmentsPie Integration Tests","Rendering"],"failureMessages":["TestingLibraryElementError: Unable to find an accessible element with the role \"region\" and name `/chart/i`\n\nHere are the accessible roles:\n\n  heading:\n\n  Name \"Assignments Distribution by Type\":\n  \u001b[36m<h3 />\u001b[39m\n\n  --------------------------------------------------\n\nIgnored nodes: comments, script, style\n\u001b[36m<body>\u001b[39m\n  \u001b[36m<div>\u001b[39m\n    \u001b[36m<div>\u001b[39m\n      \u001b[36m<h3>\u001b[39m\n        \u001b[0mAssignments Distribution by Type\u001b[0m\n      \u001b[36m</h3>\u001b[39m\n      \u001b[36m<div\u001b[39m\n        \u001b[33mclass\u001b[39m=\u001b[32m\"chart-container\"\u001b[39m\n        \u001b[33mstyle\u001b[39m=\u001b[32m\"width: 100%; height: 300px;\"\u001b[39m\n      \u001b[36m>\u001b[39m\n        \u001b[36m<div\u001b[39m\n          \u001b[33mclass\u001b[39m=\u001b[32m\"recharts-responsive-container\"\u001b[39m\n          \u001b[33mstyle\u001b[39m=\u001b[32m\"width: 100%; height: 100%;\"\u001b[39m\n        \u001b[36m/>\u001b[39m\n      \u001b[36m</div>\u001b[39m\n    \u001b[36m</div>\u001b[39m\n  \u001b[36m</div>\u001b[39m\n\u001b[36m</body>\u001b[39m\n    at Object.getElementError (/app/dashboard/node_modules/@testing-library/dom/dist/config.js:37:19)\n    at /app/dashboard/node_modules/@testing-library/dom/dist/query-helpers.js:76:38\n    at /app/dashboard/node_modules/@testing-library/dom/dist/query-helpers.js:52:17\n    at getByRole (/app/dashboard/node_modules/@testing-library/dom/dist/query-helpers.js:95:19)\n    at Object.<anonymous> (/app/dashboard/src/components/Charts/AssignmentsPie.test.tsx:88:21)\n    at Promise.then.completed (/app/dashboard/node_modules/jest-circus/build/utils.js:391:28)\n    at new Promise (<anonymous>)\n    at callAsyncCircusFn (/app/dashboard/node_modules/jest-circus/build/utils.js:316:10)\n    at _callCircusTest (/app/dashboard/node_modules/jest-circus/build/run.js:218:40)\n    at processTicksAndRejections (node:internal/process/task_queues:95:5)\n    at _runTest (/app/dashboard/node_modules/jest-circus/build/run.js:155:3)\n    at _runTestsForDescribeBlock (/app/dashboard/node_modules/jest-circus/build/run.js:66:9)\n    at _runTestsForDescribeBlock (/app/dashboard/node_modules/jest-circus/build/run.js:60:9)\n    at _runTestsForDescribeBlock (/app/dashboard/node_modules/jest-circus/build/run.js:60:9)\n    at run (/app/dashboard/node_modules/jest-circus/build/run.js:25:3)\n    at runAndTransformResultsToJestFormat (/app/dashboard/node_modules/jest-circus/build/legacy-code-todo-rewrite/jestAdapterInit.js:170:21)\n    at jestAdapter (/app/dashboard/node_modules/jest-circus/build/legacy-code-todo-rewrite/jestAdapter.js:82:19)\n    at runTestInternal (/app/dashboard/node_modules/jest-runner/build/runTest.js:389:16)\n    at runTest (/app/dashboard/node_modules/jest-runner/build/runTest.js:475:34)\n    at Object.worker (/app/dashboard/node_modules/jest-runner/build/testWorker.js:133:12)"],"fullName":"AssignmentsPie Integration Tests Rendering renders pie chart container and legend items when data is provided","location":null,"status":"failed","title":"renders pie chart container and legend items when data is provided"},{"ancestorTitles":["AssignmentsPie Integration Tests","Click-to-Filter Interaction"],"failureMessages":["Error: Unable to find an element with the text: Configuration Profile (2). This could be because the text is broken up by multiple elements. In this case, you can provide a function for your text matcher to make your matcher more flexible.\n\nIgnored nodes: comments, script, style\n\u001b[36m<body>\u001b[39m\n  \u001b[36m<div>\u001b[39m\n    \u001b[36m<div>\u001b[39m\n      \u001b[36m<h3>\u001b[39m\n        \u001b[0mAssignments Distribution by Type\u001b[0m\n      \u001b[36m</h3>\u001b[39m\n      \u001b[36m<div\u001b[39m\n        \u001b[33mclass\u001b[39m=\u001b[32m\"chart-container\"\u001b[39m\n        \u001b[33mstyle\u001b[39m=\u001b[32m\"width: 100%; height: 300px;\"\u001b[39m\n      \u001b[36m>\u001b[39m\n        \u001b[36m<div\u001b[39m\n          \u001b[33mclass\u001b[39m=\u001b[32m\"recharts-responsive-container\"\u001b[39m\n          \u001b[33mstyle\u001b[39m=\u001b[32m\"width: 100%; height: 100%;\"\u001b[39m\n        \u001b[36m/>\u001b[39m\n      \u001b[36m</div>\u001b[39m\n    \u001b[36m</div>\u001b[39m\n  \u001b[36m</div>\u001b[39m\n\u001b[36m</body>\u001b[39m\n    at waitForWrapper (/app/dashboard/node_modules/@testing-library/dom/dist/wait-for.js:163:27)\n    at findByText (/app/dashboard/node_modules/@testing-library/dom/dist/query-helpers.js:86:33)\n    at Object.<anonymous> (/app/dashboard/src/components/Charts/AssignmentsPie.test.tsx:121:47)\n    at Promise.then.completed (/app/dashboard/node_modules/jest-circus/build/utils.js:391:28)\n    at new Promise (<anonymous>)\n    at callAsyncCircusFn (/app/dashboard/node_modules/jest-circus/build/utils.js:316:10)\n    at _callCircusTest (/app/dashboard/node_modules/jest-circus/build/run.js:218:40)\n    at processTicksAndRejections (node:internal/process/task_queues:95:5)\n    at _runTest (/app/dashboard/node_modules/jest-circus/build/run.js:155:3)\n    at _runTestsForDescribeBlock (/app/dashboard/node_modules/jest-circus/build/run.js:66:9)\n    at _runTestsForDescribeBlock (/app/dashboard/node_modules/jest-circus/build/run.js:60:9)\n    at _runTestsForDescribeBlock (/app/dashboard/node_modules/jest-circus/build/run.js:60:9)\n    at run (/app/dashboard/node_modules/jest-circus/build/run.js:25:3)\n    at runAndTransformResultsToJestFormat (/app/dashboard/node_modules/jest-circus/build/legacy-code-todo-rewrite/jestAdapterInit.js:170:21)\n    at jestAdapter (/app/dashboard/node_modules/jest-circus/build/legacy-code-todo-rewrite/jestAdapter.js:82:19)\n    at runTestInternal (/app/dashboard/node_modules/jest-runner/build/runTest.js:389:16)\n    at runTest (/app/dashboard/node_modules/jest-runner/build/runTest.js:475:34)\n    at Object.worker (/app/dashboard/node_modules/jest-runner/build/testWorker.js:133:12)"],"fullName":"AssignmentsPie Integration Tests Click-to-Filter Interaction clicking a pie slice (via its label) dispatches SET_PIE_FILTER action","location":null,"status":"failed","title":"clicking a pie slice (via its label) dispatches SET_PIE_FILTER action"},{"ancestorTitles":["AssignmentsPie Integration Tests","Visual Feedback for Active Filter"],"failureMessages":[],"fullName":"AssignmentsPie Integration Tests Visual Feedback for Active Filter shows \"Filtering by type\" message and clear button when pieChartFilter is active","location":null,"status":"passed","title":"shows \"Filtering by type\" message and clear button when pieChartFilter is active"},{"ancestorTitles":["AssignmentsPie Integration Tests","Visual Feedback for Active Filter"],"failureMessages":[],"fullName":"AssignmentsPie Integration Tests Visual Feedback for Active Filter clicking \"clear\" button dispatches SET_PIE_FILTER with the current filter value","location":null,"status":"passed","title":"clicking \"clear\" button dispatches SET_PIE_FILTER with the current filter value"}],"endTime":1748348739889,"message":"  ● AssignmentsPie Integration Tests › Rendering › renders pie chart container and legend items when data is provided\n\n    TestingLibraryElementError: Unable to find an accessible element with the role \"region\" and name `/chart/i`\n\n    Here are the accessible roles:\n\n      heading:\n\n      Name \"Assignments Distribution by Type\":\n      \u001b[36m<h3 />\u001b[39m\n\n      --------------------------------------------------\n\n    Ignored nodes: comments, script, style\n    \u001b[36m<body>\u001b[39m\n      \u001b[36m<div>\u001b[39m\n        \u001b[36m<div>\u001b[39m\n          \u001b[36m<h3>\u001b[39m\n            \u001b[0mAssignments Distribution by Type\u001b[0m\n          \u001b[36m</h3>\u001b[39m\n          \u001b[36m<div\u001b[39m\n            \u001b[33mclass\u001b[39m=\u001b[32m\"chart-container\"\u001b[39m\n            \u001b[33mstyle\u001b[39m=\u001b[32m\"width: 100%; height: 300px;\"\u001b[39m\n          \u001b[36m>\u001b[39m\n            \u001b[36m<div\u001b[39m\n              \u001b[33mclass\u001b[39m=\u001b[32m\"recharts-responsive-container\"\u001b[39m\n              \u001b[33mstyle\u001b[39m=\u001b[32m\"width: 100%; height: 100%;\"\u001b[39m\n            \u001b[36m/>\u001b[39m\n          \u001b[36m</div>\u001b[39m\n        \u001b[36m</div>\u001b[39m\n      \u001b[36m</div>\u001b[39m\n    \u001b[36m</body>\u001b[39m\n\n      86 |       \n      87 |       // Check for recharts wrapper\n    > 88 |       expect(screen.getByRole('region', { name: /chart/i })).toBeInTheDocument(); // PieChart has role=\"region\" and aria-label\n         |                     ^\n      89 |       \n      90 |       // Check for legend items based on aggregated types\n      91 |       // Wait for elements to appear as chart rendering can be async\n\n      at Object.getElementError (node_modules/@testing-library/dom/dist/config.js:37:19)\n      at node_modules/@testing-library/dom/dist/query-helpers.js:76:38\n      at node_modules/@testing-library/dom/dist/query-helpers.js:52:17\n      at getByRole (node_modules/@testing-library/dom/dist/query-helpers.js:95:19)\n      at Object.<anonymous> (src/components/Charts/AssignmentsPie.test.tsx:88:21)\n\n  ● AssignmentsPie Integration Tests › Click-to-Filter Interaction › clicking a pie slice (via its label) dispatches SET_PIE_FILTER action\n\n    Unable to find an element with the text: Configuration Profile (2). This could be because the text is broken up by multiple elements. In this case, you can provide a function for your text matcher to make your matcher more flexible.\n\n    Ignored nodes: comments, script, style\n    \u001b[36m<body>\u001b[39m\n      \u001b[36m<div>\u001b[39m\n        \u001b[36m<div>\u001b[39m\n          \u001b[36m<h3>\u001b[39m\n            \u001b[0mAssignments Distribution by Type\u001b[0m\n          \u001b[36m</h3>\u001b[39m\n          \u001b[36m<div\u001b[39m\n            \u001b[33mclass\u001b[39m=\u001b[32m\"chart-container\"\u001b[39m\n            \u001b[33mstyle\u001b[39m=\u001b[32m\"width: 100%; height: 300px;\"\u001b[39m\n          \u001b[36m>\u001b[39m\n            \u001b[36m<div\u001b[39m\n              \u001b[33mclass\u001b[39m=\u001b[32m\"recharts-responsive-container\"\u001b[39m\n              \u001b[33mstyle\u001b[39m=\u001b[32m\"width: 100%; height: 100%;\"\u001b[39m\n            \u001b[36m/>\u001b[39m\n          \u001b[36m</div>\u001b[39m\n        \u001b[36m</div>\u001b[39m\n      \u001b[36m</div>\u001b[39m\n    \u001b[36m</body>\u001b[39m\n\n      119 |\n      120 |       // Wait for the \"Configuration Profile (2)\" label to be available\n    > 121 |       const configProfileLabel = await screen.findByText('Configuration Profile (2)');\n          |                                               ^\n      122 |       \n      123 |       // Recharts Pie component's onClick is on the Pie itself, which then calls the handler with slice data.\n      124 |       // Clicking the label might not directly trigger Pie's onClick.\n\n      at waitForWrapper (node_modules/@testing-library/dom/dist/wait-for.js:163:27)\n      at findByText (node_modules/@testing-library/dom/dist/query-helpers.js:86:33)\n      at Object.<anonymous> (src/components/Charts/AssignmentsPie.test.tsx:121:47)\n","name":"/app/dashboard/src/components/Charts/AssignmentsPie.test.tsx","startTime":1748348736223,"status":"failed","summary":""}],"wasInterrupted":false}